================================================================================
Book - Big Data Analytics with R and Hadoop
Book URL - https://www.packtpub.com/big-data-analytics-with-r-and-hadoop/book
Chapter - 4 Using Hadoop Streaming with R 
Author - Vignesh Prajapati
Contact - a. email -> vignesh2066@gmail.com
          b. LinkedIn -> http://www.linkedin.com/in/vigneshprajapati   	  
================================================================================

packageJobJar: [/usr/local/hadoop/cma/stock_mapper.R, /usr/local/hadoop/cma/stock_reducer.R, /app/hadoop/tmp/hadoop-unjar6788909629320597592/] [] /tmp/streamjob5343401846101499553.jar tmpDir=null
13/08/25 09:40:21 INFO util.NativeCodeLoader: Loaded the native-hadoop library
13/08/25 09:40:21 WARN snappy.LoadSnappy: Snappy native library not loaded
13/08/25 09:40:21 INFO mapred.FileInputFormat: Total input paths to process : 1
13/08/25 09:40:22 INFO streaming.StreamJob: getLocalDirs(): [/app/hadoop/tmp/mapred/local]
13/08/25 09:40:22 INFO streaming.StreamJob: Running job: job_201308250742_0009
13/08/25 09:40:22 INFO streaming.StreamJob: To kill this job, run:
13/08/25 09:40:22 INFO streaming.StreamJob: /usr/local/hadoop/libexec/../bin/hadoop job  -Dmapred.job.tracker=localhost:54311 -kill job_201308250742_0009
13/08/25 09:40:22 INFO streaming.StreamJob: Tracking URL: http://localhost:50030/jobdetails.jsp?jobid=job_201308250742_0009
13/08/0:23 INFO streaming.StreamJob:  
map 0%  reduce 0%

13/08/25 09:41:39 INFO streaming.StreamJob:
map 29%  reduce 0%

13/08/25 09:41:43 INFO streaming.StreamJob:  
map 59%  reduce 0%

13/08/25 09:41:58 INFO streaming.StreamJob:  
map 79%  reduce 0%

13/08/25 09:42:01 INFO streaming.StreamJob:  
map 100%  reduce 0%

13/08/25 09:42:44 INFO streaming.StreamJob:  
map 100%  reduce 100%

13/08/25 09:43:02 INFO streaming.StreamJob: 
Job complete: job_201308250742_0009

13/08/25 09:43:02 INFO streaming.StreamJob:
Output: /stock/outputs
